<?xml version="1.0" encoding="UTF-8"?>
<!-- Generated by org.testng.reporters.JUnitReportReporter -->
<testsuite skipped="0" hostname="Administrator" name="com.dyt.hrm.testcases.Leave_TestCases" tests="1" failures="0" timestamp="13 Jul 2020 04:08:38 GMT" time="23.994" errors="0">
  <testcase name="tc001_VerifyLoginAuthentication" time="23.994" classname="com.dyt.hrm.testcases.Leave_TestCases"/>
</testsuite> <!-- com.dyt.hrm.testcases.Leave_TestCases -->
