<?xml version="1.0" encoding="UTF-8"?>
<!-- Generated by org.testng.reporters.JUnitReportReporter -->
<testsuite skipped="0" hostname="Administrator" name="com.dyt.hrm.testcases.Leave_TestCases" tests="1" failures="0" timestamp="03 Aug 2020 05:15:18 GMT" time="26.799" errors="0">
  <testcase name="tc001_VerifyLoginAuthentication" time="26.799" classname="com.dyt.hrm.testcases.Leave_TestCases"/>
</testsuite> <!-- com.dyt.hrm.testcases.Leave_TestCases -->
