<?xml version="1.0" encoding="UTF-8"?>
<!-- Generated by org.testng.reporters.JUnitReportReporter -->
<testsuite skipped="0" hostname="Administrator" name="com.dyt.hrm.testcases.Leave_TestCases" tests="2" failures="0" timestamp="09 Jul 2020 04:17:57 GMT" time="42.041" errors="0">
  <testcase name="tc002_ApplyLeave" time="15.975" classname="com.dyt.hrm.testcases.Leave_TestCases"/>
  <testcase name="tc001_VerifyLoginAuthentication" time="26.066" classname="com.dyt.hrm.testcases.Leave_TestCases"/>
</testsuite> <!-- com.dyt.hrm.testcases.Leave_TestCases -->
