<?xml version="1.0" encoding="UTF-8"?>
<!-- Generated by org.testng.reporters.JUnitReportReporter -->
<testsuite skipped="0" hostname="Administrator" name="com.dyt.hrm.testcases.Leave_TestCases" tests="2" failures="0" timestamp="08 Jul 2020 03:49:35 GMT" time="28.877" errors="0">
  <testcase name="tc001_VerifyLoginAuthentication" time="12.692" classname="com.dyt.hrm.testcases.Leave_TestCases"/>
  <testcase name="tc002_ApplyLeave_Validate" time="16.185" classname="com.dyt.hrm.testcases.Leave_TestCases"/>
</testsuite> <!-- com.dyt.hrm.testcases.Leave_TestCases -->
